Command line:
   registro_isim_beh.exe
     -simmode  gui
     -simrunnum  0
     -socket  50182

Fri Dec 27 12:34:13 2019


 Elaboration Time: 0.03125 sec

 Current Memory Usage: 5155.97 Meg

 Total Signals          : 5
 Total Nets             : 15
 Total Signal Drivers   : 1
 Total Blocks           : 2
 Total Primitive Blocks : 2
 Total Processes        : 1
 Total Traceable Variables  : 8
 Total Scalar Nets and Variables : 375
Total Line Count : 3

 Total Simulation Time: 0.03125 sec

 Current Memory Usage: 5155.97 Meg

Fri Dec 27 12:34:21 2019

