Command line:
   Maquina_Expendedora_isim_beh.exe
     -simmode  gui
     -simrunnum  0
     -socket  62613

Mon Jan 13 12:29:53 2020


 Elaboration Time: 0.0625 sec

 Current Memory Usage: 5155.59 Meg

 Total Signals          : 138
 Total Nets             : 122
 Total Signal Drivers   : 40
 Total Blocks           : 24
 Total Primitive Blocks : 21
 Total Processes        : 40
 Total Traceable Variables  : 16
 Total Scalar Nets and Variables : 624
Total Line Count : 66

 Total Simulation Time: 0.296875 sec

 Current Memory Usage: 4998.3 Meg

Mon Jan 13 12:31:27 2020

